ERROR - 2022-08-18 06:15:33 --> Error connecting to the database: mysqli_sql_exception: Unknown database 'api' in C:\wamp64\www\API-PW3\system\Database\MySQLi\Connection.php:171
Stack trace:
#0 C:\wamp64\www\API-PW3\system\Database\MySQLi\Connection.php(171): mysqli->real_connect('localhost', 'root', '', 'api', 3306, '', 0)
#1 C:\wamp64\www\API-PW3\system\Database\BaseConnection.php(382): CodeIgniter\Database\MySQLi\Connection->connect(false)
#2 C:\wamp64\www\API-PW3\system\Database\BaseConnection.php(588): CodeIgniter\Database\BaseConnection->initialize()
#3 C:\wamp64\www\API-PW3\system\Database\BaseBuilder.php(1585): CodeIgniter\Database\BaseConnection->query('SELECT *\nFROM `...', Array, false)
#4 C:\wamp64\www\API-PW3\system\Model.php(222): CodeIgniter\Database\BaseBuilder->get()
#5 C:\wamp64\www\API-PW3\system\BaseModel.php(584): CodeIgniter\Model->doFindAll(0, 0)
#6 C:\wamp64\www\API-PW3\app\Controllers\Livro.php(11): CodeIgniter\BaseModel->findAll()
#7 C:\wamp64\www\API-PW3\system\CodeIgniter.php(904): App\Controllers\Livro->index()
#8 C:\wamp64\www\API-PW3\system\CodeIgniter.php(457): CodeIgniter\CodeIgniter->runController(Object(App\Controllers\Livro))
#9 C:\wamp64\www\API-PW3\system\CodeIgniter.php(340): CodeIgniter\CodeIgniter->handleRequest(NULL, Object(Config\Cache), false)
#10 C:\wamp64\www\API-PW3\public\index.php(67): CodeIgniter\CodeIgniter->run()
#11 {main}

Next CodeIgniter\Database\Exceptions\DatabaseException: Unknown database 'api' in C:\wamp64\www\API-PW3\system\Database\MySQLi\Connection.php:215
Stack trace:
#0 C:\wamp64\www\API-PW3\system\Database\BaseConnection.php(382): CodeIgniter\Database\MySQLi\Connection->connect(false)
#1 C:\wamp64\www\API-PW3\system\Database\BaseConnection.php(588): CodeIgniter\Database\BaseConnection->initialize()
#2 C:\wamp64\www\API-PW3\system\Database\BaseBuilder.php(1585): CodeIgniter\Database\BaseConnection->query('SELECT *\nFROM `...', Array, false)
#3 C:\wamp64\www\API-PW3\system\Model.php(222): CodeIgniter\Database\BaseBuilder->get()
#4 C:\wamp64\www\API-PW3\system\BaseModel.php(584): CodeIgniter\Model->doFindAll(0, 0)
#5 C:\wamp64\www\API-PW3\app\Controllers\Livro.php(11): CodeIgniter\BaseModel->findAll()
#6 C:\wamp64\www\API-PW3\system\CodeIgniter.php(904): App\Controllers\Livro->index()
#7 C:\wamp64\www\API-PW3\system\CodeIgniter.php(457): CodeIgniter\CodeIgniter->runController(Object(App\Controllers\Livro))
#8 C:\wamp64\www\API-PW3\system\CodeIgniter.php(340): CodeIgniter\CodeIgniter->handleRequest(NULL, Object(Config\Cache), false)
#9 C:\wamp64\www\API-PW3\public\index.php(67): CodeIgniter\CodeIgniter->run()
#10 {main}
CRITICAL - 2022-08-18 06:15:33 --> Unable to connect to the database.
Main connection [MySQLi]: Unknown database 'api'
in SYSTEMPATH\Database\BaseConnection.php on line 418.
 1 SYSTEMPATH\Database\BaseConnection.php(588): CodeIgniter\Database\BaseConnection->initialize()
 2 SYSTEMPATH\Database\BaseBuilder.php(1585): CodeIgniter\Database\BaseConnection->query('SELECT *
FROM `tb_livro`', [], false)
 3 SYSTEMPATH\Model.php(222): CodeIgniter\Database\BaseBuilder->get()
 4 SYSTEMPATH\BaseModel.php(584): CodeIgniter\Model->doFindAll(0, 0)
 5 APPPATH\Controllers\Livro.php(11): CodeIgniter\BaseModel->findAll()
 6 SYSTEMPATH\CodeIgniter.php(904): App\Controllers\Livro->index()
 7 SYSTEMPATH\CodeIgniter.php(457): CodeIgniter\CodeIgniter->runController(Object(App\Controllers\Livro))
 8 SYSTEMPATH\CodeIgniter.php(340): CodeIgniter\CodeIgniter->handleRequest(null, Object(Config\Cache), false)
 9 FCPATH\index.php(67): CodeIgniter\CodeIgniter->run()
CRITICAL - 2022-08-18 06:17:19 --> Undefined variable: retorno
in APPPATH\Views\teste_view.php on line 10.
 1 APPPATH\Views\teste_view.php(10): CodeIgniter\Debug\Exceptions->errorHandler(8, 'Undefined variable: retorno', 'APPPATH\\Views\\teste_view.php', 10, [])
 2 SYSTEMPATH\View\View.php(213): include('APPPATH\\Views\\teste_view.php')
 3 SYSTEMPATH\View\View.php(216): CodeIgniter\View\View->CodeIgniter\View\{closure}()
 4 SYSTEMPATH\Common.php(1137): CodeIgniter\View\View->render('teste_view', [], true)
 5 APPPATH\Controllers\Livro.php(12): view('teste_view', [...])
 6 SYSTEMPATH\CodeIgniter.php(904): App\Controllers\Livro->index()
 7 SYSTEMPATH\CodeIgniter.php(457): CodeIgniter\CodeIgniter->runController(Object(App\Controllers\Livro))
 8 SYSTEMPATH\CodeIgniter.php(340): CodeIgniter\CodeIgniter->handleRequest(null, Object(Config\Cache), false)
 9 FCPATH\index.php(67): CodeIgniter\CodeIgniter->run()
CRITICAL - 2022-08-18 06:29:38 --> Call to a member function limit() on array
in APPPATH\Controllers\Livro.php on line 18.
 1 SYSTEMPATH\CodeIgniter.php(904): App\Controllers\Livro->returnWithMax('10')
 2 SYSTEMPATH\CodeIgniter.php(457): CodeIgniter\CodeIgniter->runController(Object(App\Controllers\Livro))
 3 SYSTEMPATH\CodeIgniter.php(340): CodeIgniter\CodeIgniter->handleRequest(null, Object(Config\Cache), false)
 4 FCPATH\index.php(67): CodeIgniter\CodeIgniter->run()
CRITICAL - 2022-08-18 06:30:05 --> Call to a member function limit() on array
in APPPATH\Controllers\Livro.php on line 18.
 1 SYSTEMPATH\CodeIgniter.php(904): App\Controllers\Livro->returnWithMax('10')
 2 SYSTEMPATH\CodeIgniter.php(457): CodeIgniter\CodeIgniter->runController(Object(App\Controllers\Livro))
 3 SYSTEMPATH\CodeIgniter.php(340): CodeIgniter\CodeIgniter->handleRequest(null, Object(Config\Cache), false)
 4 FCPATH\index.php(67): CodeIgniter\CodeIgniter->run()
CRITICAL - 2022-08-18 06:30:15 --> Call to a member function limit() on array
in APPPATH\Controllers\Livro.php on line 18.
 1 SYSTEMPATH\CodeIgniter.php(904): App\Controllers\Livro->returnWithMax('10')
 2 SYSTEMPATH\CodeIgniter.php(457): CodeIgniter\CodeIgniter->runController(Object(App\Controllers\Livro))
 3 SYSTEMPATH\CodeIgniter.php(340): CodeIgniter\CodeIgniter->handleRequest(null, Object(Config\Cache), false)
 4 FCPATH\index.php(67): CodeIgniter\CodeIgniter->run()
CRITICAL - 2022-08-18 06:32:33 --> Call to a member function limit() on array
in APPPATH\Controllers\Livro.php on line 18.
 1 SYSTEMPATH\CodeIgniter.php(904): App\Controllers\Livro->returnWithMax('2')
 2 SYSTEMPATH\CodeIgniter.php(457): CodeIgniter\CodeIgniter->runController(Object(App\Controllers\Livro))
 3 SYSTEMPATH\CodeIgniter.php(340): CodeIgniter\CodeIgniter->handleRequest(null, Object(Config\Cache), false)
 4 FCPATH\index.php(67): CodeIgniter\CodeIgniter->run()
