ERROR - 2022-09-28 06:35:46 --> Error connecting to the database: mysqli_sql_exception: Unknown database 'api' in C:\wamp64\www\API-PW3\system\Database\MySQLi\Connection.php:171
Stack trace:
#0 C:\wamp64\www\API-PW3\system\Database\MySQLi\Connection.php(171): mysqli->real_connect('localhost', 'root', '', 'api', 3306, '', 0)
#1 C:\wamp64\www\API-PW3\system\Database\BaseConnection.php(382): CodeIgniter\Database\MySQLi\Connection->connect(false)
#2 C:\wamp64\www\API-PW3\system\Database\BaseConnection.php(588): CodeIgniter\Database\BaseConnection->initialize()
#3 C:\wamp64\www\API-PW3\system\Database\BaseBuilder.php(1585): CodeIgniter\Database\BaseConnection->query('SELECT *\nFROM `...', Array, false)
#4 C:\wamp64\www\API-PW3\system\Model.php(222): CodeIgniter\Database\BaseBuilder->get()
#5 C:\wamp64\www\API-PW3\system\BaseModel.php(584): CodeIgniter\Model->doFindAll(0, 0)
#6 C:\wamp64\www\API-PW3\app\Controllers\Livro.php(10): CodeIgniter\BaseModel->findAll()
#7 C:\wamp64\www\API-PW3\system\CodeIgniter.php(904): App\Controllers\Livro->index()
#8 C:\wamp64\www\API-PW3\system\CodeIgniter.php(457): CodeIgniter\CodeIgniter->runController(Object(App\Controllers\Livro))
#9 C:\wamp64\www\API-PW3\system\CodeIgniter.php(340): CodeIgniter\CodeIgniter->handleRequest(NULL, Object(Config\Cache), false)
#10 C:\wamp64\www\API-PW3\public\index.php(67): CodeIgniter\CodeIgniter->run()
#11 {main}

Next CodeIgniter\Database\Exceptions\DatabaseException: Unknown database 'api' in C:\wamp64\www\API-PW3\system\Database\MySQLi\Connection.php:215
Stack trace:
#0 C:\wamp64\www\API-PW3\system\Database\BaseConnection.php(382): CodeIgniter\Database\MySQLi\Connection->connect(false)
#1 C:\wamp64\www\API-PW3\system\Database\BaseConnection.php(588): CodeIgniter\Database\BaseConnection->initialize()
#2 C:\wamp64\www\API-PW3\system\Database\BaseBuilder.php(1585): CodeIgniter\Database\BaseConnection->query('SELECT *\nFROM `...', Array, false)
#3 C:\wamp64\www\API-PW3\system\Model.php(222): CodeIgniter\Database\BaseBuilder->get()
#4 C:\wamp64\www\API-PW3\system\BaseModel.php(584): CodeIgniter\Model->doFindAll(0, 0)
#5 C:\wamp64\www\API-PW3\app\Controllers\Livro.php(10): CodeIgniter\BaseModel->findAll()
#6 C:\wamp64\www\API-PW3\system\CodeIgniter.php(904): App\Controllers\Livro->index()
#7 C:\wamp64\www\API-PW3\system\CodeIgniter.php(457): CodeIgniter\CodeIgniter->runController(Object(App\Controllers\Livro))
#8 C:\wamp64\www\API-PW3\system\CodeIgniter.php(340): CodeIgniter\CodeIgniter->handleRequest(NULL, Object(Config\Cache), false)
#9 C:\wamp64\www\API-PW3\public\index.php(67): CodeIgniter\CodeIgniter->run()
#10 {main}
CRITICAL - 2022-09-28 06:35:46 --> Unable to connect to the database.
Main connection [MySQLi]: Unknown database 'api'
in SYSTEMPATH\Database\BaseConnection.php on line 418.
 1 SYSTEMPATH\Database\BaseConnection.php(588): CodeIgniter\Database\BaseConnection->initialize()
 2 SYSTEMPATH\Database\BaseBuilder.php(1585): CodeIgniter\Database\BaseConnection->query('SELECT *
FROM `tb_livro`', [], false)
 3 SYSTEMPATH\Model.php(222): CodeIgniter\Database\BaseBuilder->get()
 4 SYSTEMPATH\BaseModel.php(584): CodeIgniter\Model->doFindAll(0, 0)
 5 APPPATH\Controllers\Livro.php(10): CodeIgniter\BaseModel->findAll()
 6 SYSTEMPATH\CodeIgniter.php(904): App\Controllers\Livro->index()
 7 SYSTEMPATH\CodeIgniter.php(457): CodeIgniter\CodeIgniter->runController(Object(App\Controllers\Livro))
 8 SYSTEMPATH\CodeIgniter.php(340): CodeIgniter\CodeIgniter->handleRequest(null, Object(Config\Cache), false)
 9 FCPATH\index.php(67): CodeIgniter\CodeIgniter->run()
ERROR - 2022-09-28 06:36:40 --> mysqli_sql_exception: Table 'api.tb_livro' doesn't exist in C:\wamp64\www\API-PW3\system\Database\MySQLi\Connection.php:292
Stack trace:
#0 C:\wamp64\www\API-PW3\system\Database\MySQLi\Connection.php(292): mysqli->query('SELECT *\nFROM `...', 0)
#1 C:\wamp64\www\API-PW3\system\Database\BaseConnection.php(693): CodeIgniter\Database\MySQLi\Connection->execute('SELECT *\nFROM `...')
#2 C:\wamp64\www\API-PW3\system\Database\BaseConnection.php(620): CodeIgniter\Database\BaseConnection->simpleQuery('SELECT *\nFROM `...')
#3 C:\wamp64\www\API-PW3\system\Database\BaseBuilder.php(1585): CodeIgniter\Database\BaseConnection->query('SELECT *\nFROM `...', Array, false)
#4 C:\wamp64\www\API-PW3\system\Model.php(222): CodeIgniter\Database\BaseBuilder->get()
#5 C:\wamp64\www\API-PW3\system\BaseModel.php(584): CodeIgniter\Model->doFindAll(0, 0)
#6 C:\wamp64\www\API-PW3\app\Controllers\Livro.php(10): CodeIgniter\BaseModel->findAll()
#7 C:\wamp64\www\API-PW3\system\CodeIgniter.php(904): App\Controllers\Livro->index()
#8 C:\wamp64\www\API-PW3\system\CodeIgniter.php(457): CodeIgniter\CodeIgniter->runController(Object(App\Controllers\Livro))
#9 C:\wamp64\www\API-PW3\system\CodeIgniter.php(340): CodeIgniter\CodeIgniter->handleRequest(NULL, Object(Config\Cache), false)
#10 C:\wamp64\www\API-PW3\public\index.php(67): CodeIgniter\CodeIgniter->run()
#11 {main}
CRITICAL - 2022-09-28 06:36:40 --> Table 'api.tb_livro' doesn't exist
in SYSTEMPATH\Database\MySQLi\Connection.php on line 292.
 1 SYSTEMPATH\Database\MySQLi\Connection.php(292): mysqli->query('SELECT *
FROM `tb_livro`', 0)
 2 SYSTEMPATH\Database\BaseConnection.php(693): CodeIgniter\Database\MySQLi\Connection->execute('SELECT *
FROM `tb_livro`')
 3 SYSTEMPATH\Database\BaseConnection.php(620): CodeIgniter\Database\BaseConnection->simpleQuery('SELECT *
FROM `tb_livro`')
 4 SYSTEMPATH\Database\BaseBuilder.php(1585): CodeIgniter\Database\BaseConnection->query('SELECT *
FROM `tb_livro`', [], false)
 5 SYSTEMPATH\Model.php(222): CodeIgniter\Database\BaseBuilder->get()
 6 SYSTEMPATH\BaseModel.php(584): CodeIgniter\Model->doFindAll(0, 0)
 7 APPPATH\Controllers\Livro.php(10): CodeIgniter\BaseModel->findAll()
 8 SYSTEMPATH\CodeIgniter.php(904): App\Controllers\Livro->index()
 9 SYSTEMPATH\CodeIgniter.php(457): CodeIgniter\CodeIgniter->runController(Object(App\Controllers\Livro))
10 SYSTEMPATH\CodeIgniter.php(340): CodeIgniter\CodeIgniter->handleRequest(null, Object(Config\Cache), false)
11 FCPATH\index.php(67): CodeIgniter\CodeIgniter->run()
CRITICAL - 2022-09-28 06:37:59 --> Call to undefined method App\Models\LivroModel::postInsert
in SYSTEMPATH\Model.php on line 773.
 1 APPPATH\Controllers\Livro.php(28): CodeIgniter\Model->__call('postInsert', [...])
 2 SYSTEMPATH\CodeIgniter.php(904): App\Controllers\Livro->insert()
 3 SYSTEMPATH\CodeIgniter.php(457): CodeIgniter\CodeIgniter->runController(Object(App\Controllers\Livro))
 4 SYSTEMPATH\CodeIgniter.php(340): CodeIgniter\CodeIgniter->handleRequest(null, Object(Config\Cache), false)
 5 FCPATH\index.php(67): CodeIgniter\CodeIgniter->run()
CRITICAL - 2022-09-28 07:38:29 --> Undefined variable: livro
in APPPATH\Controllers\Livro.php on line 22.
 1 APPPATH\Controllers\Livro.php(22): CodeIgniter\Debug\Exceptions->errorHandler(8, 'Undefined variable: livro', 'APPPATH\\Controllers\\Livro.php', 22, [...])
 2 SYSTEMPATH\CodeIgniter.php(904): App\Controllers\Livro->returnToken('1', 'c4ca4238a0')
 3 SYSTEMPATH\CodeIgniter.php(457): CodeIgniter\CodeIgniter->runController(Object(App\Controllers\Livro))
 4 SYSTEMPATH\CodeIgniter.php(340): CodeIgniter\CodeIgniter->handleRequest(null, Object(Config\Cache), false)
 5 FCPATH\index.php(67): CodeIgniter\CodeIgniter->run()
